-------------------------------------------------------------------------------
Test set: com.tim10.glavna_knjiga.dbutils.KontniPlanIzmjenaUtilsTest
-------------------------------------------------------------------------------
Tests run: 2, Failures: 0, Errors: 2, Skipped: 0, Time elapsed: 0.009 sec <<< FAILURE!
testGetKontaBooleanList(com.tim10.glavna_knjiga.dbutils.KontniPlanIzmjenaUtilsTest)  Time elapsed: 0.004 sec  <<< ERROR!
java.lang.ExceptionInInitializerError
	at com.tim10.glavna_knjiga.dbutils.KontniPlanIzmjenaUtilsTest.testGetKontaBooleanList(KontniPlanIzmjenaUtilsTest.java:49)
Caused by: org.hibernate.service.UnknownServiceException: Unknown service requested [org.hibernate.engine.jdbc.connections.spi.ConnectionProvider]
	at org.hibernate.service.internal.AbstractServiceRegistryImpl.getService(AbstractServiceRegistryImpl.java:201)
	at org.hibernate.internal.AbstractSessionImpl.getJdbcConnectionAccess(AbstractSessionImpl.java:341)
	at org.hibernate.engine.jdbc.internal.JdbcCoordinatorImpl.<init>(JdbcCoordinatorImpl.java:114)
	at org.hibernate.engine.transaction.internal.TransactionCoordinatorImpl.<init>(TransactionCoordinatorImpl.java:89)
	at org.hibernate.internal.SessionImpl.<init>(SessionImpl.java:258)
	at org.hibernate.internal.SessionFactoryImpl$SessionBuilderImpl.openSession(SessionFactoryImpl.java:1589)
	at org.hibernate.internal.SessionFactoryImpl.openSession(SessionFactoryImpl.java:999)
	at com.tim10.glavna_knjiga.dbutils.KontniPlanIzmjenaUtils.<clinit>(KontniPlanIzmjenaUtils.java:32)
	... 29 more
testGetInstace(com.tim10.glavna_knjiga.dbutils.KontniPlanIzmjenaUtilsTest)  Time elapsed: 0.002 sec  <<< ERROR!
java.lang.NoClassDefFoundError: Could not initialize class com.tim10.glavna_knjiga.dbutils.KontniPlanIzmjenaUtils
	at com.tim10.glavna_knjiga.dbutils.KontniPlanIzmjenaUtilsTest.testGetInstace(KontniPlanIzmjenaUtilsTest.java:36)
