-------------------------------------------------------------------------------
Test set: com.tim10.glavna_knjiga.dbutils.KontniOkvirFrameViewUtilsTest
-------------------------------------------------------------------------------
Tests run: 3, Failures: 0, Errors: 3, Skipped: 0, Time elapsed: 0.001 sec <<< FAILURE!
testGetAllKontniOkvir(com.tim10.glavna_knjiga.dbutils.KontniOkvirFrameViewUtilsTest)  Time elapsed: 0 sec  <<< ERROR!
java.lang.ExceptionInInitializerError
	at com.tim10.glavna_knjiga.dbutils.KontniOkvirFrameViewUtilsTest.testGetAllKontniOkvir(KontniOkvirFrameViewUtilsTest.java:44)
Caused by: org.hibernate.service.UnknownServiceException: Unknown service requested [org.hibernate.engine.jdbc.connections.spi.ConnectionProvider]
	at org.hibernate.service.internal.AbstractServiceRegistryImpl.getService(AbstractServiceRegistryImpl.java:201)
	at org.hibernate.internal.AbstractSessionImpl.getJdbcConnectionAccess(AbstractSessionImpl.java:341)
	at org.hibernate.engine.jdbc.internal.JdbcCoordinatorImpl.<init>(JdbcCoordinatorImpl.java:114)
	at org.hibernate.engine.transaction.internal.TransactionCoordinatorImpl.<init>(TransactionCoordinatorImpl.java:89)
	at org.hibernate.internal.SessionImpl.<init>(SessionImpl.java:258)
	at org.hibernate.internal.SessionFactoryImpl$SessionBuilderImpl.openSession(SessionFactoryImpl.java:1589)
	at org.hibernate.internal.SessionFactoryImpl.openSession(SessionFactoryImpl.java:999)
	at com.tim10.glavna_knjiga.dbutils.KontniOkvirFrameViewUtils.<clinit>(KontniOkvirFrameViewUtils.java:15)
	... 29 more
testGetAllKontniOkvirByParameters(com.tim10.glavna_knjiga.dbutils.KontniOkvirFrameViewUtilsTest)  Time elapsed: 0 sec  <<< ERROR!
java.lang.NoClassDefFoundError: Could not initialize class com.tim10.glavna_knjiga.dbutils.KontniOkvirFrameViewUtils
	at com.tim10.glavna_knjiga.dbutils.KontniOkvirFrameViewUtilsTest.testGetAllKontniOkvirByParameters(KontniOkvirFrameViewUtilsTest.java:58)
testGetInstace(com.tim10.glavna_knjiga.dbutils.KontniOkvirFrameViewUtilsTest)  Time elapsed: 0.001 sec  <<< ERROR!
java.lang.NoClassDefFoundError: Could not initialize class com.tim10.glavna_knjiga.dbutils.KontniOkvirFrameViewUtils
	at com.tim10.glavna_knjiga.dbutils.KontniOkvirFrameViewUtilsTest.testGetInstace(KontniOkvirFrameViewUtilsTest.java:36)
