<?xml version="1.0" encoding="UTF-8" ?>
<testsuite tests="6" failures="0" name="com.tim10.glavna_knjiga.dbutils.LoginPanelUtilsTest" time="0.002" errors="6" skipped="0">
  <properties>
[...]
</properties>
  <testcase classname="com.tim10.glavna_knjiga.dbutils.LoginPanelUtilsTest" name="testGetAllKorisnikTipoviNazivi" time="0">
    <error type="java.lang.ExceptionInInitializerError">java.lang.ExceptionInInitializerError
	at com.tim10.glavna_knjiga.dbutils.LoginPanelUtilsTest.testGetAllKorisnikTipoviNazivi(LoginPanelUtilsTest.java:51)
Caused by: org.hibernate.service.UnknownServiceException: Unknown service requested [org.hibernate.engine.jdbc.connections.spi.ConnectionProvider]
	at org.hibernate.service.internal.AbstractServiceRegistryImpl.getService(AbstractServiceRegistryImpl.java:201)
	at org.hibernate.internal.AbstractSessionImpl.getJdbcConnectionAccess(AbstractSessionImpl.java:341)
	at org.hibernate.engine.jdbc.internal.JdbcCoordinatorImpl.&lt;init&gt;(JdbcCoordinatorImpl.java:114)
	at org.hibernate.engine.transaction.internal.TransactionCoordinatorImpl.&lt;init&gt;(TransactionCoordinatorImpl.java:89)
	at org.hibernate.internal.SessionImpl.&lt;init&gt;(SessionImpl.java:258)
	at org.hibernate.internal.SessionFactoryImpl$SessionBuilderImpl.openSession(SessionFactoryImpl.java:1589)
	at org.hibernate.internal.SessionFactoryImpl.openSession(SessionFactoryImpl.java:999)
	at com.tim10.glavna_knjiga.dbutils.LoginPanelUtils.&lt;clinit&gt;(LoginPanelUtils.java:22)
	... 29 more
</error>
    <system-out>getAllKorisnikTipoviNazivi
</system-out>
  </testcase>
  <testcase classname="com.tim10.glavna_knjiga.dbutils.LoginPanelUtilsTest" name="testIsValidUsernamePasswordCombination" time="0">
    <error message="Could not initialize class com.tim10.glavna_knjiga.dbutils.LoginPanelUtils" type="java.lang.NoClassDefFoundError">java.lang.NoClassDefFoundError: Could not initialize class com.tim10.glavna_knjiga.dbutils.LoginPanelUtils
	at com.tim10.glavna_knjiga.dbutils.LoginPanelUtilsTest.testIsValidUsernamePasswordCombination(LoginPanelUtilsTest.java:68)
</error>
    <system-out>isValidUsernamePasswordCombination
</system-out>
  </testcase>
  <testcase classname="com.tim10.glavna_knjiga.dbutils.LoginPanelUtilsTest" name="testGetAllPreduzeca" time="0">
    <error message="Could not initialize class com.tim10.glavna_knjiga.dbutils.LoginPanelUtils" type="java.lang.NoClassDefFoundError">java.lang.NoClassDefFoundError: Could not initialize class com.tim10.glavna_knjiga.dbutils.LoginPanelUtils
	at com.tim10.glavna_knjiga.dbutils.LoginPanelUtilsTest.testGetAllPreduzeca(LoginPanelUtilsTest.java:80)
</error>
    <system-out>getAllPreduzeca
</system-out>
  </testcase>
  <testcase classname="com.tim10.glavna_knjiga.dbutils.LoginPanelUtilsTest" name="testGetKorisnikByUsername" time="0.001">
    <error message="Could not initialize class com.tim10.glavna_knjiga.dbutils.LoginPanelUtils" type="java.lang.NoClassDefFoundError">java.lang.NoClassDefFoundError: Could not initialize class com.tim10.glavna_knjiga.dbutils.LoginPanelUtils
	at com.tim10.glavna_knjiga.dbutils.LoginPanelUtilsTest.testGetKorisnikByUsername(LoginPanelUtilsTest.java:95)
</error>
    <system-out>getKorisnikByUsername
</system-out>
  </testcase>
  <testcase classname="com.tim10.glavna_knjiga.dbutils.LoginPanelUtilsTest" name="testGetPreduzeceByName" time="0">
    <error message="Could not initialize class com.tim10.glavna_knjiga.dbutils.LoginPanelUtils" type="java.lang.NoClassDefFoundError">java.lang.NoClassDefFoundError: Could not initialize class com.tim10.glavna_knjiga.dbutils.LoginPanelUtils
	at com.tim10.glavna_knjiga.dbutils.LoginPanelUtilsTest.testGetPreduzeceByName(LoginPanelUtilsTest.java:110)
</error>
    <system-out>getPreduzeceByName
</system-out>
  </testcase>
  <testcase classname="com.tim10.glavna_knjiga.dbutils.LoginPanelUtilsTest" name="testGetInstace" time="0">
    <error message="Could not initialize class com.tim10.glavna_knjiga.dbutils.LoginPanelUtils" type="java.lang.NoClassDefFoundError">java.lang.NoClassDefFoundError: Could not initialize class com.tim10.glavna_knjiga.dbutils.LoginPanelUtils
	at com.tim10.glavna_knjiga.dbutils.LoginPanelUtilsTest.testGetInstace(LoginPanelUtilsTest.java:41)
</error>
    <system-out>getInstace
</system-out>
  </testcase>
</testsuite>