<?xml version="1.0" encoding="UTF-8" ?>
<testsuite tests="6" failures="0" name="com.tim10.glavna_knjiga.dbutils.LoginPanelUtilsTest" time="0.002" errors="6" skipped="0">
  <properties>
    <property name="java.runtime.name" value="Java(TM) SE Runtime Environment"/>
    <property name="sun.boot.library.path" value="/usr/lib/jvm/java-8-oracle/jre/lib/amd64"/>
    <property name="java.vm.version" value="25.45-b02"/>
    <property name="java.vm.vendor" value="Oracle Corporation"/>
    <property name="java.vendor.url" value="http://java.oracle.com/"/>
    <property name="path.separator" value=":"/>
    <property name="guice.disable.misplaced.annotation.check" value="true"/>
    <property name="java.vm.name" value="Java HotSpot(TM) 64-Bit Server VM"/>
    <property name="file.encoding.pkg" value="sun.io"/>
    <property name="user.country" value="US"/>
    <property name="sun.java.launcher" value="SUN_STANDARD"/>
    <property name="sun.os.patch.level" value="unknown"/>
    <property name="java.vm.specification.name" value="Java Virtual Machine Specification"/>
    <property name="user.dir" value="/home/faruk/workspace/SI2014Tim10/glavna-knjiga"/>
    <property name="java.runtime.version" value="1.8.0_45-b14"/>
    <property name="java.awt.graphicsenv" value="sun.awt.X11GraphicsEnvironment"/>
    <property name="java.endorsed.dirs" value="/usr/lib/jvm/java-8-oracle/jre/lib/endorsed"/>
    <property name="os.arch" value="amd64"/>
    <property name="java.io.tmpdir" value="/tmp"/>
    <property name="line.separator" value="
"/>
    <property name="java.vm.specification.vendor" value="Oracle Corporation"/>
    <property name="os.name" value="Linux"/>
    <property name="classworlds.conf" value="/usr/share/maven/bin/m2.conf"/>
    <property name="sun.jnu.encoding" value="UTF-8"/>
    <property name="java.library.path" value="/usr/java/packages/lib/amd64:/usr/lib64:/lib64:/lib:/usr/lib"/>
    <property name="java.specification.name" value="Java Platform API Specification"/>
    <property name="java.class.version" value="52.0"/>
    <property name="sun.management.compiler" value="HotSpot 64-Bit Tiered Compilers"/>
    <property name="os.version" value="3.16.0-38-generic"/>
    <property name="user.home" value="/home/faruk"/>
    <property name="user.timezone" value="Europe/Sarajevo"/>
    <property name="java.awt.printerjob" value="sun.print.PSPrinterJob"/>
    <property name="file.encoding" value="UTF-8"/>
    <property name="java.specification.version" value="1.8"/>
    <property name="user.name" value="faruk"/>
    <property name="java.class.path" value="/usr/share/maven/boot/plexus-classworlds-2.x.jar"/>
    <property name="java.vm.specification.version" value="1.8"/>
    <property name="sun.arch.data.model" value="64"/>
    <property name="java.home" value="/usr/lib/jvm/java-8-oracle/jre"/>
    <property name="sun.java.command" value="org.codehaus.plexus.classworlds.launcher.Launcher package"/>
    <property name="java.specification.vendor" value="Oracle Corporation"/>
    <property name="user.language" value="en"/>
    <property name="awt.toolkit" value="sun.awt.X11.XToolkit"/>
    <property name="java.vm.info" value="mixed mode"/>
    <property name="java.version" value="1.8.0_45"/>
    <property name="java.ext.dirs" value="/usr/lib/jvm/java-8-oracle/jre/lib/ext:/usr/java/packages/lib/ext"/>
    <property name="securerandom.source" value="file:/dev/./urandom"/>
    <property name="sun.boot.class.path" value="/usr/lib/jvm/java-8-oracle/jre/lib/resources.jar:/usr/lib/jvm/java-8-oracle/jre/lib/rt.jar:/usr/lib/jvm/java-8-oracle/jre/lib/sunrsasign.jar:/usr/lib/jvm/java-8-oracle/jre/lib/jsse.jar:/usr/lib/jvm/java-8-oracle/jre/lib/jce.jar:/usr/lib/jvm/java-8-oracle/jre/lib/charsets.jar:/usr/lib/jvm/java-8-oracle/jre/lib/jfr.jar:/usr/lib/jvm/java-8-oracle/jre/classes"/>
    <property name="java.vendor" value="Oracle Corporation"/>
    <property name="maven.home" value="/usr/share/maven"/>
    <property name="file.separator" value="/"/>
    <property name="java.vendor.url.bug" value="http://bugreport.sun.com/bugreport/"/>
    <property name="sun.cpu.endian" value="little"/>
    <property name="sun.io.unicode.encoding" value="UnicodeLittle"/>
    <property name="sun.desktop" value="gnome"/>
    <property name="sun.cpu.isalist" value=""/>
  </properties>
  <testcase classname="com.tim10.glavna_knjiga.dbutils.LoginPanelUtilsTest" name="testGetAllKorisnikTipoviNazivi" time="0">
    <error type="java.lang.ExceptionInInitializerError">java.lang.ExceptionInInitializerError
	at com.tim10.glavna_knjiga.dbutils.LoginPanelUtilsTest.testGetAllKorisnikTipoviNazivi(LoginPanelUtilsTest.java:51)
Caused by: org.hibernate.service.UnknownServiceException: Unknown service requested [org.hibernate.engine.jdbc.connections.spi.ConnectionProvider]
	at org.hibernate.service.internal.AbstractServiceRegistryImpl.getService(AbstractServiceRegistryImpl.java:201)
	at org.hibernate.internal.AbstractSessionImpl.getJdbcConnectionAccess(AbstractSessionImpl.java:341)
	at org.hibernate.engine.jdbc.internal.JdbcCoordinatorImpl.&lt;init&gt;(JdbcCoordinatorImpl.java:114)
	at org.hibernate.engine.transaction.internal.TransactionCoordinatorImpl.&lt;init&gt;(TransactionCoordinatorImpl.java:89)
	at org.hibernate.internal.SessionImpl.&lt;init&gt;(SessionImpl.java:258)
	at org.hibernate.internal.SessionFactoryImpl$SessionBuilderImpl.openSession(SessionFactoryImpl.java:1589)
	at org.hibernate.internal.SessionFactoryImpl.openSession(SessionFactoryImpl.java:999)
	at com.tim10.glavna_knjiga.dbutils.LoginPanelUtils.&lt;clinit&gt;(LoginPanelUtils.java:22)
	... 29 more
</error>
    <system-out>getAllKorisnikTipoviNazivi
</system-out>
  </testcase>
  <testcase classname="com.tim10.glavna_knjiga.dbutils.LoginPanelUtilsTest" name="testIsValidUsernamePasswordCombination" time="0">
    <error message="Could not initialize class com.tim10.glavna_knjiga.dbutils.LoginPanelUtils" type="java.lang.NoClassDefFoundError">java.lang.NoClassDefFoundError: Could not initialize class com.tim10.glavna_knjiga.dbutils.LoginPanelUtils
	at com.tim10.glavna_knjiga.dbutils.LoginPanelUtilsTest.testIsValidUsernamePasswordCombination(LoginPanelUtilsTest.java:68)
</error>
    <system-out>isValidUsernamePasswordCombination
</system-out>
  </testcase>
  <testcase classname="com.tim10.glavna_knjiga.dbutils.LoginPanelUtilsTest" name="testGetAllPreduzeca" time="0">
    <error message="Could not initialize class com.tim10.glavna_knjiga.dbutils.LoginPanelUtils" type="java.lang.NoClassDefFoundError">java.lang.NoClassDefFoundError: Could not initialize class com.tim10.glavna_knjiga.dbutils.LoginPanelUtils
	at com.tim10.glavna_knjiga.dbutils.LoginPanelUtilsTest.testGetAllPreduzeca(LoginPanelUtilsTest.java:80)
</error>
    <system-out>getAllPreduzeca
</system-out>
  </testcase>
  <testcase classname="com.tim10.glavna_knjiga.dbutils.LoginPanelUtilsTest" name="testGetKorisnikByUsername" time="0.001">
    <error message="Could not initialize class com.tim10.glavna_knjiga.dbutils.LoginPanelUtils" type="java.lang.NoClassDefFoundError">java.lang.NoClassDefFoundError: Could not initialize class com.tim10.glavna_knjiga.dbutils.LoginPanelUtils
	at com.tim10.glavna_knjiga.dbutils.LoginPanelUtilsTest.testGetKorisnikByUsername(LoginPanelUtilsTest.java:95)
</error>
    <system-out>getKorisnikByUsername
</system-out>
  </testcase>
  <testcase classname="com.tim10.glavna_knjiga.dbutils.LoginPanelUtilsTest" name="testGetPreduzeceByName" time="0">
    <error message="Could not initialize class com.tim10.glavna_knjiga.dbutils.LoginPanelUtils" type="java.lang.NoClassDefFoundError">java.lang.NoClassDefFoundError: Could not initialize class com.tim10.glavna_knjiga.dbutils.LoginPanelUtils
	at com.tim10.glavna_knjiga.dbutils.LoginPanelUtilsTest.testGetPreduzeceByName(LoginPanelUtilsTest.java:110)
</error>
    <system-out>getPreduzeceByName
</system-out>
  </testcase>
  <testcase classname="com.tim10.glavna_knjiga.dbutils.LoginPanelUtilsTest" name="testGetInstace" time="0">
    <error message="Could not initialize class com.tim10.glavna_knjiga.dbutils.LoginPanelUtils" type="java.lang.NoClassDefFoundError">java.lang.NoClassDefFoundError: Could not initialize class com.tim10.glavna_knjiga.dbutils.LoginPanelUtils
	at com.tim10.glavna_knjiga.dbutils.LoginPanelUtilsTest.testGetInstace(LoginPanelUtilsTest.java:41)
</error>
    <system-out>getInstace
</system-out>
  </testcase>
</testsuite>